==================================
			 Warzone
==================================
			 Load Game
	=======================

		 dj.bin
		 output.bin
		 test.bin

	=======================
	 use file name to load
==================================
example command: loadgame
The game is loaded successfully will continue from where it last stopped.
Successfully added Continent: AFRICA
Successfully added Continent: USA
Successfully added Continent: AUSTRALIA
Successfully added Continent: ASIA
Successfully added Continent: ANTARTICA
Successfully added Country: penquin
Successfully added Country: Pak
Successfully added Country: NY
Successfully added Country: india
Successfully added Country: Melbourne
Successfully connected routes between mentioned Countries: Pak - india
Successfully connected routes between mentioned Countries: Pak - NY
Successfully connected routes between mentioned Countries: NY - Pak
Successfully connected routes between mentioned Countries: Melbourne - penquin
Successfully connected routes between mentioned Countries: india - Pak
Successfully connected routes between mentioned Countries: india - penquin
Successfully connected routes between mentioned Countries: penquin - Melbourne
Successfully connected routes between mentioned Countries: penquin - india
Successfully added Player: AB
Successfully added Player: BC
/*************************** You have entered the IssueOrder Phase *************************/
-----------------------------------------------------------------------------------------
List of game loop commands
To deploy the armies : deploy countryID numarmies
To advance/attack the armies : advance countrynamefrom countynameto numarmies
To airlift the armies : airlift sourcecountryID targetcountryID numarmies
To blockade the armies : blockade countryID
To negotiate with player : negotiate playerID
To bomb the country : bomb countryID
To skip: pass
-----------------------------------------------------------------------------------------
The countries assigned to the player are: 
